<?xml version="1.0" encoding="UTF-8" standalone="yes"?><!DOCTYPE report PUBLIC "-//JACOCO//DTD Report 1.0//EN" "report.dtd"><report name="produtos"><sessioninfo id="PARIPASSU000245-fda54f1c" start="1425058176866" dump="1425058177319"/><sessioninfo id="PARIPASSU000245-fd9c17a7" start="1425058425071" dump="1425058425523"/><sessioninfo id="PARIPASSU000245-6dbac4e1" start="1425058537391" dump="1425058537843"/><sessioninfo id="PARIPASSU000245-2692c29c" start="1425058613163" dump="1425058613615"/><sessioninfo id="PARIPASSU000245-f43bf57a" start="1425058675005" dump="1425058675457"/><sessioninfo id="PARIPASSU000245-1d7c280b" start="1425058696701" dump="1425058697138"/><sessioninfo id="PARIPASSU000245-4016c604" start="1425058768451" dump="1425058768904"/><sessioninfo id="PARIPASSU000245-65d81f81" start="1425058784279" dump="1425058784732"/><sessioninfo id="PARIPASSU000245-6e6fe638" start="1425058963423" dump="1425058963859"/><sessioninfo id="PARIPASSU000245-28a61eaa" start="1425059363668" dump="1425059364121"/><sessioninfo id="PARIPASSU000245-bda8d191" start="1425059380629" dump="1425059381081"/><sessioninfo id="PARIPASSU000245-b86351cb" start="1425059516422" dump="1425059516890"/><sessioninfo id="PARIPASSU000245-5a520411" start="1425059525531" dump="1425059525983"/><sessioninfo id="PARIPASSU000245-30a52931" start="1425059624526" dump="1425059624994"/><sessioninfo id="PARIPASSU000245-201d1b03" start="1425059634961" dump="1425059635413"/><sessioninfo id="PARIPASSU000245-c00b1aae" start="1425065084195" dump="1425065084663"/><sessioninfo id="PARIPASSU000245-4a9e9962" start="1425065205448" dump="1425065205906"/><sessioninfo id="PARIPASSU000245-fa9dabbc" start="1425065462840" dump="1425065463292"/><sessioninfo id="PARIPASSU000245-85dfe03b" start="1425065569973" dump="1425065570441"/><package name="br/com/caelum/maven"><class name="br/com/caelum/maven/App"><method name="&lt;init&gt;" desc="()V" line="7"><counter type="INSTRUCTION" missed="3" covered="0"/><counter type="LINE" missed="1" covered="0"/><counter type="COMPLEXITY" missed="1" covered="0"/><counter type="METHOD" missed="1" covered="0"/></method><method name="main" desc="([Ljava/lang/String;)V" line="12"><counter type="INSTRUCTION" missed="4" covered="0"/><counter type="LINE" missed="2" covered="0"/><counter type="COMPLEXITY" missed="1" covered="0"/><counter type="METHOD" missed="1" covered="0"/></method><counter type="INSTRUCTION" missed="7" covered="0"/><counter type="LINE" missed="3" covered="0"/><counter type="COMPLEXITY" missed="2" covered="0"/><counter type="METHOD" missed="2" covered="0"/><counter type="CLASS" missed="1" covered="0"/></class><class name="br/com/caelum/maven/Produto"><method name="&lt;init&gt;" desc="(Ljava/lang/String;D)V" line="8"><counter type="INSTRUCTION" missed="0" covered="9"/><counter type="LINE" missed="0" covered="4"/><counter type="COMPLEXITY" missed="0" covered="1"/><counter type="METHOD" missed="0" covered="1"/></method><method name="getNome" desc="()Ljava/lang/String;" line="15"><counter type="INSTRUCTION" missed="0" covered="3"/><counter type="LINE" missed="0" covered="1"/><counter type="COMPLEXITY" missed="0" covered="1"/><counter type="METHOD" missed="0" covered="1"/></method><method name="getPreco" desc="()D" line="19"><counter type="INSTRUCTION" missed="0" covered="3"/><counter type="LINE" missed="0" covered="1"/><counter type="COMPLEXITY" missed="0" covered="1"/><counter type="METHOD" missed="0" covered="1"/></method><counter type="INSTRUCTION" missed="0" covered="15"/><counter type="LINE" missed="0" covered="6"/><counter type="COMPLEXITY" missed="0" covered="3"/><counter type="METHOD" missed="0" covered="3"/><counter type="CLASS" missed="0" covered="1"/></class><sourcefile name="Produto.java"><line nr="8" mi="0" ci="2" mb="0" cb="0"/><line nr="9" mi="0" ci="3" mb="0" cb="0"/><line nr="10" mi="0" ci="3" mb="0" cb="0"/><line nr="11" mi="0" ci="1" mb="0" cb="0"/><line nr="15" mi="0" ci="3" mb="0" cb="0"/><line nr="19" mi="0" ci="3" mb="0" cb="0"/><counter type="INSTRUCTION" missed="0" covered="15"/><counter type="LINE" missed="0" covered="6"/><counter type="COMPLEXITY" missed="0" covered="3"/><counter type="METHOD" missed="0" covered="3"/><counter type="CLASS" missed="0" covered="1"/></sourcefile><sourcefile name="App.java"><line nr="7" mi="3" ci="0" mb="0" cb="0"/><line nr="12" mi="3" ci="0" mb="0" cb="0"/><line nr="13" mi="1" ci="0" mb="0" cb="0"/><counter type="INSTRUCTION" missed="7" covered="0"/><counter type="LINE" missed="3" covered="0"/><counter type="COMPLEXITY" missed="2" covered="0"/><counter type="METHOD" missed="2" covered="0"/><counter type="CLASS" missed="1" covered="0"/></sourcefile><counter type="INSTRUCTION" missed="7" covered="15"/><counter type="LINE" missed="3" covered="6"/><counter type="COMPLEXITY" missed="2" covered="3"/><counter type="METHOD" missed="2" covered="3"/><counter type="CLASS" missed="1" covered="1"/></package><counter type="INSTRUCTION" missed="7" covered="15"/><counter type="LINE" missed="3" covered="6"/><counter type="COMPLEXITY" missed="2" covered="3"/><counter type="METHOD" missed="2" covered="3"/><counter type="CLASS" missed="1" covered="1"/></report>